<?xml version="1.0" encoding="UTF-8"?>
<TestRun id="8448d101-64e1-48fb-80e3-76c3812ddc3e" name="jabney@LAPJABNEY 2013-07-17 14:20:42" runUser="IHT-PDX\jabney" xmlns="http://microsoft.com/schemas/VisualStudio/TeamTest/2010">
  <TestSettings name="Default Test Settings" id="c9dac7e6-b193-4df1-8c8d-45f331c881a8">
    <Deployment runDeploymentRoot="jabney_LAPJABNEY 2013-07-17 14_20_42">
      <DeploymentItem filename="C:\Users\jabney\Documents\GitHub\Lucid.Web.Portal\packages\Microsoft.AspNet.WebPages.2.0.20710.0\lib\net40\System.Web.Helpers.dll" />
      <DeploymentItem filename="C:\Users\jabney\Documents\GitHub\Lucid.Web.Portal\Lucid.Web.Portal\bin\Lucid.Web.Portal.dll" />
      <DeploymentItem filename="C:\Users\jabney\Documents\GitHub\Lucid.Web.Portal\packages\Microsoft.Net.Http.2.0.20710.0\lib\net40\System.Net.Http.WebRequest.dll" />
      <DeploymentItem filename="C:\Users\jabney\Documents\GitHub\Lucid.Web.Portal\packages\Microsoft.AspNet.Mvc.4.0.20710.0\lib\net40\System.Web.Mvc.dll" />
      <DeploymentItem filename="C:\Users\jabney\Documents\GitHub\Lucid.Web.Portal\packages\Microsoft.AspNet.WebPages.2.0.20710.0\lib\net40\System.Web.WebPages.Razor.dll" />
      <DeploymentItem filename="C:\Users\jabney\Documents\GitHub\Lucid.Web.Portal\packages\Microsoft.AspNet.WebApi.Client.4.0.20710.0\lib\net40\System.Net.Http.Formatting.dll" />
      <DeploymentItem filename="C:\Users\jabney\Documents\GitHub\Lucid.Web.Portal\packages\Microsoft.Net.Http.2.0.20710.0\lib\net40\System.Net.Http.dll" />
      <DeploymentItem filename="C:\Users\jabney\Documents\GitHub\Lucid.Web.Portal\packages\Microsoft.AspNet.WebApi.WebHost.4.0.20710.0\lib\net40\System.Web.Http.WebHost.dll" />
      <DeploymentItem filename="C:\Users\jabney\Documents\GitHub\Lucid.Web.Portal\packages\Microsoft.Web.Infrastructure.1.0.0.0\lib\net40\Microsoft.Web.Infrastructure.dll" />
      <DeploymentItem filename="C:\Users\jabney\Documents\GitHub\Lucid.Web.Portal\packages\Microsoft.AspNet.WebApi.Core.4.0.20710.0\lib\net40\System.Web.Http.dll" />
      <DeploymentItem filename="C:\Users\jabney\Documents\GitHub\Lucid.Web.Portal\packages\Newtonsoft.Json.4.5.6\lib\net40\Newtonsoft.Json.dll" />
      <DeploymentItem filename="C:\Users\jabney\Documents\GitHub\Lucid.Web.Portal\packages\Microsoft.AspNet.WebPages.2.0.20710.0\lib\net40\System.Web.WebPages.dll" />
      <DeploymentItem filename="C:\Users\jabney\Documents\GitHub\Lucid.Web.Portal\packages\Microsoft.AspNet.WebPages.2.0.20710.0\lib\net40\System.Web.WebPages.Deployment.dll" />
      <DeploymentItem filename="C:\Users\jabney\Documents\GitHub\Lucid.Web.Portal\packages\Microsoft.AspNet.Razor.2.0.20710.0\lib\net40\System.Web.Razor.dll" />
    </Deployment>
    <Execution>
      <TestTypeSpecific />
      <AgentRule name="Execution Agents">
      </AgentRule>
    </Execution>
  </TestSettings>
  <Times creation="2013-07-17T14:20:42.1327603-07:00" queuing="2013-07-17T14:20:44.4287603-07:00" start="2013-07-17T14:20:44.5287603-07:00" finish="2013-07-17T14:20:48.0347603-07:00" />
  <ResultSummary outcome="Failed">
    <Counters total="1" executed="1" error="0" failed="1" timeout="0" aborted="0" inconclusive="0" passedButRunAborted="0" notRunnable="0" notExecuted="0" disconnected="0" warning="0" passed="0" completed="0" inProgress="0" pending="0" />
  </ResultSummary>
  <TestDefinitions>
    <UnitTest name="ChiroToPatientMessage" storage="c:\users\jabney\documents\github\lucid.web.portal\lucid.web.portal.tests\bin\debug\lucid.web.portal.tests.dll" id="367fe128-c1b3-d6ec-bb86-c5005a5347cc">
      <Execution id="4a5e1327-795d-49b8-b570-0fdac7266a1a" />
      <TestMethod codeBase="C:/Users/jabney/Documents/GitHub/Lucid.Web.Portal/Lucid.Web.Portal.Tests/bin/Debug/Lucid.Web.Portal.Tests.DLL" adapterTypeName="Microsoft.VisualStudio.TestTools.TestTypes.Unit.UnitTestAdapter, Microsoft.VisualStudio.QualityTools.Tips.UnitTest.Adapter, Version=10.0.0.0, Culture=neutral, PublicKeyToken=b03f5f7f11d50a3a" className="Lucid.Web.Portal.Tests.Controllers.MessagesControllerTest, Lucid.Web.Portal.Tests, Version=1.0.0.0, Culture=neutral, PublicKeyToken=null" name="ChiroToPatientMessage" />
    </UnitTest>
  </TestDefinitions>
  <TestLists>
    <TestList name="Results Not in a List" id="8c84fa94-04c1-424b-9868-57a2d4851a1d" />
    <TestList name="All Loaded Results" id="19431567-8539-422a-85d7-44ee4e166bda" />
  </TestLists>
  <TestEntries>
    <TestEntry testId="367fe128-c1b3-d6ec-bb86-c5005a5347cc" executionId="4a5e1327-795d-49b8-b570-0fdac7266a1a" testListId="8c84fa94-04c1-424b-9868-57a2d4851a1d" />
  </TestEntries>
  <Results>
    <UnitTestResult executionId="4a5e1327-795d-49b8-b570-0fdac7266a1a" testId="367fe128-c1b3-d6ec-bb86-c5005a5347cc" testName="ChiroToPatientMessage" computerName="LAPJABNEY" duration="00:00:01.4928337" startTime="2013-07-17T14:20:44.6027603-07:00" endTime="2013-07-17T14:20:46.4477603-07:00" testType="13cdc9d9-ddb5-4fa4-a97d-d965ccfc6d4b" outcome="Failed" testListId="8c84fa94-04c1-424b-9868-57a2d4851a1d" relativeResultsDirectory="4a5e1327-795d-49b8-b570-0fdac7266a1a">
      <Output>
        <ErrorInfo>
          <Message>Assert.IsNotNull failed. </Message>
          <StackTrace>   at Lucid.Web.Portal.Tests.Controllers.MessagesControllerTest.ChiroToPatientMessage() in C:\Users\jabney\Documents\GitHub\Lucid.Web.Portal\Lucid.Web.Portal.Tests\Controllers\MessagesControllerTest.cs:line 26
</StackTrace>
        </ErrorInfo>
      </Output>
    </UnitTestResult>
  </Results>
</TestRun>